<?xml version="1.0" encoding="UTF-8"?>
<!-- Generated by org.testng.reporters.JUnitReportReporter -->
<testsuite hostname="user1-PC" failures="0" tests="4" name="TestClassPOM" time="31.059" errors="0" timestamp="2021-12-08T12:14:26 IST" skipped="0">
  <testcase classname="TestClassPOM" name="ToVerifyMultiplicationOperation" time="9.199"/>
  <testcase classname="TestClassPOM" name="ToVerifyDivisionOperation" time="6.778"/>
  <testcase classname="TestClassPOM" name="ToVerifyAdditionOperation" time="6.949"/>
  <testcase classname="TestClassPOM" name="ToVerifySubstractionOperation" time="8.133"/>
</testsuite> <!-- TestClassPOM -->
